  VMAnalyzer.cpp
e:\【clavis】\【programming】\【c／c++】\【project】\anti_ransomware\antiransom_server\vmanalyzer\vmanalyzer\vmanalyzer.cpp(49): warning C4996: 'fopen': This function or variable may be unsafe. Consider using fopen_s instead. To disable deprecation, use _CRT_SECURE_NO_WARNINGS. See online help for details.
  c:\program files (x86)\windows kits\10\include\10.0.10240.0\ucrt\stdio.h(205): note: 'fopen' 선언을 참조하십시오.
e:\【clavis】\【programming】\【c／c++】\【project】\anti_ransomware\antiransom_server\vmanalyzer\vmanalyzer\vmanalyzer.cpp(84): warning C4996: 'sprintf': This function or variable may be unsafe. Consider using sprintf_s instead. To disable deprecation, use _CRT_SECURE_NO_WARNINGS. See online help for details.
  c:\program files (x86)\windows kits\10\include\10.0.10240.0\ucrt\stdio.h(1769): note: 'sprintf' 선언을 참조하십시오.
e:\【clavis】\【programming】\【c／c++】\【project】\anti_ransomware\antiransom_server\vmanalyzer\vmanalyzer\vmanalyzer.cpp(92): warning C4996: 'sprintf': This function or variable may be unsafe. Consider using sprintf_s instead. To disable deprecation, use _CRT_SECURE_NO_WARNINGS. See online help for details.
  c:\program files (x86)\windows kits\10\include\10.0.10240.0\ucrt\stdio.h(1769): note: 'sprintf' 선언을 참조하십시오.
e:\【clavis】\【programming】\【c／c++】\【project】\anti_ransomware\antiransom_server\vmanalyzer\vmanalyzer\vmanalyzer.cpp(112): warning C4996: 'sprintf': This function or variable may be unsafe. Consider using sprintf_s instead. To disable deprecation, use _CRT_SECURE_NO_WARNINGS. See online help for details.
  c:\program files (x86)\windows kits\10\include\10.0.10240.0\ucrt\stdio.h(1769): note: 'sprintf' 선언을 참조하십시오.
e:\【clavis】\【programming】\【c／c++】\【project】\anti_ransomware\antiransom_server\vmanalyzer\vmanalyzer\vmanalyzer.cpp(115): warning C4996: 'strncpy': This function or variable may be unsafe. Consider using strncpy_s instead. To disable deprecation, use _CRT_SECURE_NO_WARNINGS. See online help for details.
  c:\program files (x86)\windows kits\10\include\10.0.10240.0\ucrt\string.h(346): note: 'strncpy' 선언을 참조하십시오.
e:\【clavis】\【programming】\【c／c++】\【project】\anti_ransomware\antiransom_server\vmanalyzer\vmanalyzer\vmanalyzer.cpp(74): warning C4101: 'hFile' :참조되지 않은 지역 변수입니다.
e:\【clavis】\【programming】\【c／c++】\【project】\anti_ransomware\antiransom_server\vmanalyzer\vmanalyzer\vmanalyzer.cpp(132): warning C4996: 'fopen': This function or variable may be unsafe. Consider using fopen_s instead. To disable deprecation, use _CRT_SECURE_NO_WARNINGS. See online help for details.
  c:\program files (x86)\windows kits\10\include\10.0.10240.0\ucrt\stdio.h(205): note: 'fopen' 선언을 참조하십시오.
e:\【clavis】\【programming】\【c／c++】\【project】\anti_ransomware\antiransom_server\vmanalyzer\vmanalyzer\vmanalyzer.cpp(138): warning C4996: 'fscanf': This function or variable may be unsafe. Consider using fscanf_s instead. To disable deprecation, use _CRT_SECURE_NO_WARNINGS. See online help for details.
  c:\program files (x86)\windows kits\10\include\10.0.10240.0\ucrt\stdio.h(1193): note: 'fscanf' 선언을 참조하십시오.
e:\【clavis】\【programming】\【c／c++】\【project】\anti_ransomware\antiransom_server\vmanalyzer\vmanalyzer\vmanalyzer.cpp(145): warning C4996: 'sprintf': This function or variable may be unsafe. Consider using sprintf_s instead. To disable deprecation, use _CRT_SECURE_NO_WARNINGS. See online help for details.
  c:\program files (x86)\windows kits\10\include\10.0.10240.0\ucrt\stdio.h(1769): note: 'sprintf' 선언을 참조하십시오.
e:\【clavis】\【programming】\【c／c++】\【project】\anti_ransomware\antiransom_server\vmanalyzer\vmanalyzer\vmanalyzer.cpp(150): warning C4996: 'strncpy': This function or variable may be unsafe. Consider using strncpy_s instead. To disable deprecation, use _CRT_SECURE_NO_WARNINGS. See online help for details.
  c:\program files (x86)\windows kits\10\include\10.0.10240.0\ucrt\string.h(346): note: 'strncpy' 선언을 참조하십시오.
e:\【clavis】\【programming】\【c／c++】\【project】\anti_ransomware\antiransom_server\vmanalyzer\vmanalyzer\vmanalyzer.cpp(166): warning C4996: 'sprintf': This function or variable may be unsafe. Consider using sprintf_s instead. To disable deprecation, use _CRT_SECURE_NO_WARNINGS. See online help for details.
  c:\program files (x86)\windows kits\10\include\10.0.10240.0\ucrt\stdio.h(1769): note: 'sprintf' 선언을 참조하십시오.
e:\【clavis】\【programming】\【c／c++】\【project】\anti_ransomware\antiransom_server\vmanalyzer\vmanalyzer\vmanalyzer.cpp(183): warning C4996: 'sprintf': This function or variable may be unsafe. Consider using sprintf_s instead. To disable deprecation, use _CRT_SECURE_NO_WARNINGS. See online help for details.
  c:\program files (x86)\windows kits\10\include\10.0.10240.0\ucrt\stdio.h(1769): note: 'sprintf' 선언을 참조하십시오.
e:\【clavis】\【programming】\【c／c++】\【project】\anti_ransomware\antiransom_server\vmanalyzer\vmanalyzer\vmanalyzer.cpp(259): warning C4996: 'inet_addr': Use inet_pton() or InetPton() instead or define _WINSOCK_DEPRECATED_NO_WARNINGS to disable deprecated API warnings
  c:\program files (x86)\windows kits\8.1\include\um\winsock2.h(1850): note: 'inet_addr' 선언을 참조하십시오.
e:\【clavis】\【programming】\【c／c++】\【project】\anti_ransomware\antiransom_server\vmanalyzer\vmanalyzer\vmanalyzer.cpp(268): warning C4996: 'sprintf': This function or variable may be unsafe. Consider using sprintf_s instead. To disable deprecation, use _CRT_SECURE_NO_WARNINGS. See online help for details.
  c:\program files (x86)\windows kits\10\include\10.0.10240.0\ucrt\stdio.h(1769): note: 'sprintf' 선언을 참조하십시오.
e:\【clavis】\【programming】\【c／c++】\【project】\anti_ransomware\antiransom_server\vmanalyzer\vmanalyzer\vmanalyzer.cpp(318): warning C4244: '인수': 'float'에서 'int'(으)로 변환하면서 데이터가 손실될 수 있습니다.
  md5.cpp
  코드를 생성하고 있습니다...
  VMAnalyzer.vcxproj -> E:\【Clavis】\【Programming】\【C／C++】\【Project】\Anti_Ransomware\AntiRansom_Server\VMAnalyzer\Debug\VMAnalyzer.exe
  VMAnalyzer.vcxproj -> E:\【Clavis】\【Programming】\【C／C++】\【Project】\Anti_Ransomware\AntiRansom_Server\VMAnalyzer\Debug\VMAnalyzer.pdb (Full PDB)
